# JRE version: OpenJDK Runtime Environment Corretto-17.0.8.8.1 (17.0.8.1+8) (build 17.0.8.1+8-LTS)
# Java VM: OpenJDK 64-Bit Server VM Corretto-17.0.8.8.1 (17.0.8.1+8-LTS, mixed mode, emulated-client, sharing, tiered, compressed oops, compressed class ptrs, g1 gc, bsd-aarch64)
GC Precious Log:
 CPUs: 10 total, 10 available
 Memory: 16384M
 Large Page Support: Disabled
 NUMA Support: Disabled
 Compressed Oops: Enabled (Zero based)
 Heap Region Size: 2M
 Heap Min Capacity: 8M
 Heap Initial Capacity: 256M
 Heap Max Capacity: 4G
 Pre-touch: Disabled
 Parallel Workers: 9
 Concurrent Workers: 2
 Concurrent Refinement Workers: 9
 Periodic GC: Disabled
Heap:
 garbage-first heap   total 153600K, used 102312K [0x0000000700000000, 0x0000000800000000)
  region size 2048K, 10 young (20480K), 1 survivors (2048K)
 Metaspace       used 47033K, committed 47552K, reserved 1114112K
  class space    used 6783K, committed 7040K, reserved 1048576K
GC Heap History (20 events):
Event: 1.006 GC heap before
{Heap before GC invocations=4 (full 0):
 garbage-first heap   total 61440K, used 44722K [0x0000000700000000, 0x0000000800000000)
  region size 2048K, 20 young (40960K), 3 survivors (6144K)
 Metaspace       used 27333K, committed 27712K, reserved 1114112K
  class space    used 3920K, committed 4096K, reserved 1048576K
}
Event: 1.010 GC heap after
{Heap after GC invocations=5 (full 0):
 garbage-first heap   total 61440K, used 14594K [0x0000000700000000, 0x0000000800000000)
  region size 2048K, 4 young (8192K), 4 survivors (8192K)
 Metaspace       used 27333K, committed 27712K, reserved 1114112K
  class space    used 3920K, committed 4096K, reserved 1048576K
}
Event: 1.019 GC heap before
{Heap before GC invocations=5 (full 0):
 garbage-first heap   total 61440K, used 16642K [0x0000000700000000, 0x0000000800000000)
  region size 2048K, 5 young (10240K), 4 survivors (8192K)
 Metaspace       used 27717K, committed 28096K, reserved 1114112K
  class space    used 4008K, committed 4160K, reserved 1048576K
}
Event: 1.023 GC heap after
{Heap after GC invocations=6 (full 0):
 garbage-first heap   total 161792K, used 15358K [0x0000000700000000, 0x0000000800000000)
  region size 2048K, 1 young (2048K), 1 survivors (2048K)
 Metaspace       used 27717K, committed 28096K, reserved 1114112K
  class space    used 4008K, committed 4160K, reserved 1048576K
}
Event: 4.516 GC heap before
{Heap before GC invocations=6 (full 0):
 garbage-first heap   total 161792K, used 64510K [0x0000000700000000, 0x0000000800000000)
  region size 2048K, 26 young (53248K), 1 survivors (2048K)
 Metaspace       used 35875K, committed 36288K, reserved 1114112K
  class space    used 5221K, committed 5440K, reserved 1048576K
}
Event: 4.529 GC heap after
{Heap after GC invocations=7 (full 0):
 garbage-first heap   total 161792K, used 19134K [0x0000000700000000, 0x0000000800000000)
  region size 2048K, 3 young (6144K), 3 survivors (6144K)
 Metaspace       used 35875K, committed 36288K, reserved 1114112K
  class space    used 5221K, committed 5440K, reserved 1048576K
}
Event: 4.970 GC heap before
{Heap before GC invocations=8 (full 0):
 garbage-first heap   total 81920K, used 66238K [0x0000000700000000, 0x0000000800000000)
  region size 2048K, 21 young (43008K), 3 survivors (6144K)
 Metaspace       used 45133K, committed 45568K, reserved 1114112K
  class space    used 6536K, committed 6720K, reserved 1048576K
}
Event: 4.975 GC heap after
{Heap after GC invocations=9 (full 0):
 garbage-first heap   total 83968K, used 35636K [0x0000000700000000, 0x0000000800000000)
  region size 2048K, 3 young (6144K), 3 survivors (6144K)
 Metaspace       used 45133K, committed 45568K, reserved 1114112K
  class space    used 6536K, committed 6720K, reserved 1048576K
}
Event: 5.006 GC heap before
{Heap before GC invocations=9 (full 0):
 garbage-first heap   total 83968K, used 49972K [0x0000000700000000, 0x0000000800000000)
  region size 2048K, 4 young (8192K), 3 survivors (6144K)
 Metaspace       used 45442K, committed 45888K, reserved 1114112K
  class space    used 6582K, committed 6784K, reserved 1048576K
}
Event: 5.009 GC heap after
{Heap after GC invocations=10 (full 0):
 garbage-first heap   total 83968K, used 48477K [0x0000000700000000, 0x0000000800000000)
  region size 2048K, 1 young (2048K), 1 survivors (2048K)
 Metaspace       used 45442K, committed 45888K, reserved 1114112K
  class space    used 6582K, committed 6784K, reserved 1048576K
}
Event: 5.011 GC heap before
{Heap before GC invocations=10 (full 0):
 garbage-first heap   total 83968K, used 48477K [0x0000000700000000, 0x0000000800000000)
  region size 2048K, 2 young (4096K), 1 survivors (2048K)
 Metaspace       used 45442K, committed 45888K, reserved 1114112K
  class space    used 6582K, committed 6784K, reserved 1048576K
}
Event: 5.011 GC heap after
{Heap after GC invocations=11 (full 0):
 garbage-first heap   total 83968K, used 48047K [0x0000000700000000, 0x0000000800000000)
  region size 2048K, 1 young (2048K), 1 survivors (2048K)
 Metaspace       used 45442K, committed 45888K, reserved 1114112K
  class space    used 6582K, committed 6784K, reserved 1048576K
}
Event: 5.063 GC heap before
{Heap before GC invocations=12 (full 0):
 garbage-first heap   total 102400K, used 54191K [0x0000000700000000, 0x0000000800000000)
  region size 2048K, 2 young (4096K), 1 survivors (2048K)
 Metaspace       used 45443K, committed 45888K, reserved 1114112K
  class space    used 6582K, committed 6784K, reserved 1048576K
}
Event: 5.064 GC heap after
{Heap after GC invocations=13 (full 0):
 garbage-first heap   total 102400K, used 54356K [0x0000000700000000, 0x0000000800000000)
  region size 2048K, 1 young (2048K), 1 survivors (2048K)
 Metaspace       used 45443K, committed 45888K, reserved 1114112K
  class space    used 6582K, committed 6784K, reserved 1048576K
}
Event: 5.080 GC heap before
{Heap before GC invocations=14 (full 0):
 garbage-first heap   total 112640K, used 60500K [0x0000000700000000, 0x0000000800000000)
  region size 2048K, 2 young (4096K), 1 survivors (2048K)
 Metaspace       used 45446K, committed 45888K, reserved 1114112K
  class space    used 6582K, committed 6784K, reserved 1048576K
}
Event: 5.081 GC heap after
{Heap after GC invocations=15 (full 0):
 garbage-first heap   total 112640K, used 60736K [0x0000000700000000, 0x0000000800000000)
  region size 2048K, 1 young (2048K), 1 survivors (2048K)
 Metaspace       used 45446K, committed 45888K, reserved 1114112K
  class space    used 6582K, committed 6784K, reserved 1048576K
}
Event: 5.114 GC heap before
{Heap before GC invocations=16 (full 0):
 garbage-first heap   total 122880K, used 73024K [0x0000000700000000, 0x0000000800000000)
  region size 2048K, 2 young (4096K), 1 survivors (2048K)
 Metaspace       used 45446K, committed 45888K, reserved 1114112K
  class space    used 6582K, committed 6784K, reserved 1048576K
}
Event: 5.115 GC heap after
{Heap after GC invocations=17 (full 0):
 garbage-first heap   total 122880K, used 73394K [0x0000000700000000, 0x0000000800000000)
  region size 2048K, 1 young (2048K), 1 survivors (2048K)
 Metaspace       used 45446K, committed 45888K, reserved 1114112K
  class space    used 6582K, committed 6784K, reserved 1048576K
}
Event: 5.172 GC heap before
{Heap before GC invocations=18 (full 0):
 garbage-first heap   total 143360K, used 79538K [0x0000000700000000, 0x0000000800000000)
  region size 2048K, 2 young (4096K), 1 survivors (2048K)
 Metaspace       used 45446K, committed 45888K, reserved 1114112K
  class space    used 6582K, committed 6784K, reserved 1048576K
}
Event: 5.178 GC heap after
{Heap after GC invocations=19 (full 0):
 garbage-first heap   total 143360K, used 79784K [0x0000000700000000, 0x0000000800000000)
  region size 2048K, 1 young (2048K), 1 survivors (2048K)
 Metaspace       used 45446K, committed 45888K, reserved 1114112K
  class space    used 6582K, committed 6784K, reserved 1048576K
}

